<?xml version="1.0" encoding="UTF-8"?>
<!-- Generated by org.testng.reporters.JUnitReportReporter -->
<testsuite hostname="Mirouflyers-MBP" failures="0" tests="2" name="testNgtutorial.ExceptionTimeOutTest" time="0.003" errors="0" timestamp="19 Jul 2019 19:34:45 GMT" skipped="1">
  <testcase classname="testNgtutorial.ExceptionTimeOutTest" name="test1" time="0.003"/>
  <testcase classname="testNgtutorial.ExceptionTimeOutTest" name="infinitLoopTest">
    <skipped/>
  </testcase> <!-- infinitLoopTest -->
</testsuite> <!-- testNgtutorial.ExceptionTimeOutTest -->
