<?xml version="1.0" encoding="UTF-8"?>
<!-- Generated by org.testng.reporters.JUnitReportReporter -->
<testsuite hostname="Mirouflyers-MBP" failures="0" tests="10" name="testNgtutorial.InvocationCountTest" time="0.006" errors="0" timestamp="19 Jul 2019 19:34:45 GMT" skipped="0">
  <testcase classname="testNgtutorial.InvocationCountTest" name="sum" time="0.001"/>
  <testcase classname="testNgtutorial.InvocationCountTest" name="sum" time="0.000"/>
  <testcase classname="testNgtutorial.InvocationCountTest" name="sum" time="0.000"/>
  <testcase classname="testNgtutorial.InvocationCountTest" name="sum" time="0.001"/>
  <testcase classname="testNgtutorial.InvocationCountTest" name="sum" time="0.000"/>
  <testcase classname="testNgtutorial.InvocationCountTest" name="sum" time="0.001"/>
  <testcase classname="testNgtutorial.InvocationCountTest" name="sum" time="0.000"/>
  <testcase classname="testNgtutorial.InvocationCountTest" name="sum" time="0.001"/>
  <testcase classname="testNgtutorial.InvocationCountTest" name="sum" time="0.001"/>
  <testcase classname="testNgtutorial.InvocationCountTest" name="sum" time="0.001"/>
</testsuite> <!-- testNgtutorial.InvocationCountTest -->
