<?xml version="1.0" encoding="UTF-8"?>
<!-- Generated by org.testng.reporters.JUnitReportReporter -->
<testsuite hostname="Mirouflyers-MBP" failures="0" tests="1" name="testNGParameters.ParameterTest" time="15.705" errors="0" timestamp="24 Jul 2019 16:07:51 GMT" skipped="0">
  <testcase classname="testNGParameters.ParameterTest" name="yahooLoginTest" time="15.705"/>
</testsuite> <!-- testNGParameters.ParameterTest -->
