<?xml version="1.0" encoding="UTF-8"?>
<!-- Generated by org.testng.reporters.JUnitReportReporter -->
<testsuite hostname="Mirouflyers-MBP" failures="0" tests="4" name="testNgtutorial.GoogleTest" time="58.057" errors="0" timestamp="19 Jul 2019 19:32:35 GMT" skipped="0">
  <testcase classname="testNgtutorial.GoogleTest" name="googleTitleTest" time="8.117"/>
  <testcase classname="testNgtutorial.GoogleTest" name="googleLogoTest" time="12.603"/>
  <testcase classname="testNgtutorial.GoogleTest" name="searchTest" time="16.566"/>
  <testcase classname="testNgtutorial.GoogleTest" name="searchTest2" time="20.771"/>
</testsuite> <!-- testNgtutorial.GoogleTest -->
