<?xml version="1.0" encoding="UTF-8"?>
<!-- Generated by org.testng.reporters.JUnitReportReporter -->
<testsuite hostname="Mirouflyers-MBP" failures="0" tests="10" name="testNgtutorial.InvocationCountTest" time="0.013" errors="0" timestamp="22 Jul 2019 23:23:34 GMT" skipped="0">
  <testcase classname="testNgtutorial.InvocationCountTest" name="sum" time="0.001"/>
  <testcase classname="testNgtutorial.InvocationCountTest" name="sum" time="0.001"/>
  <testcase classname="testNgtutorial.InvocationCountTest" name="sum" time="0.000"/>
  <testcase classname="testNgtutorial.InvocationCountTest" name="sum" time="0.001"/>
  <testcase classname="testNgtutorial.InvocationCountTest" name="sum" time="0.001"/>
  <testcase classname="testNgtutorial.InvocationCountTest" name="sum" time="0.000"/>
  <testcase classname="testNgtutorial.InvocationCountTest" name="sum" time="0.001"/>
  <testcase classname="testNgtutorial.InvocationCountTest" name="sum" time="0.001"/>
  <testcase classname="testNgtutorial.InvocationCountTest" name="sum" time="0.007"/>
  <testcase classname="testNgtutorial.InvocationCountTest" name="sum" time="0.000"/>
</testsuite> <!-- testNgtutorial.InvocationCountTest -->
